[2025-07-23T08:51:08.660Z] User: 687f242bbd8d0599cec79a5b | Action: Login attempt (password valid) | IP: ::1
[2025-07-23T08:51:12.003Z] User: 687f242bbd8d0599cec79a5b | Action: Login attempt (password valid) | IP: ::1
[2025-07-23T08:52:30.843Z] User: 687f242bbd8d0599cec79a5b | Action: Login attempt (password valid) | IP: ::1
[2025-07-23T08:52:44.999Z] User: 687f242bbd8d0599cec79a5b | Action: Login attempt (password valid) | IP: ::1
[2025-07-23T09:04:21.980Z] User: 687f242bbd8d0599cec79a5b | Action: Login attempt (password valid) | IP: ::1
[2025-07-23T09:04:24.255Z] User: 687f242bbd8d0599cec79a5b | Action: Login attempt (password valid) | IP: ::1
[2025-07-23T09:04:25.816Z] User: 687f242bbd8d0599cec79a5b | Action: Login attempt (password valid) | IP: ::1
[2025-07-23T09:04:27.371Z] User: 687f242bbd8d0599cec79a5b | Action: Login attempt (password valid) | IP: ::1
[2025-07-23T09:05:41.238Z] User: 687f242bbd8d0599cec79a5b | Action: Login attempt (password valid) | IP: ::1
[2025-07-23T09:06:39.091Z] User: 687f242bbd8d0599cec79a5b | Action: Login attempt (password valid) | IP: ::1
[2025-07-23T09:07:16.128Z] User: 687f242bbd8d0599cec79a5b | Action: Login attempt (password valid) | IP: ::1
[2025-07-23T09:11:07.088Z] User: 687f242bbd8d0599cec79a5b | Action: Login attempt (password valid) | IP: ::1
[2025-07-23T09:17:24.295Z] User: 687f242bbd8d0599cec79a5b | Action: Login attempt (password valid) | IP: ::1
[2025-07-23T09:19:30.910Z] User: 687f242bbd8d0599cec79a5b | Action: Login attempt (password valid) | IP: ::1
[2025-07-23T09:22:22.835Z] User: 687f242bbd8d0599cec79a5b | Action: Login attempt (password valid) | IP: ::1
[2025-07-23T09:23:05.033Z] User: 687f242bbd8d0599cec79a5b | Action: Login attempt (password valid) | IP: ::1
[2025-07-23T09:32:05.964Z] User: 687f242bbd8d0599cec79a5b | Action: Login attempt (password valid) | IP: ::1
[2025-07-23T09:32:22.180Z] User: 687f242bbd8d0599cec79a5b | Action: Login attempt (password valid) | IP: ::1
[2025-07-23T09:40:54.004Z] User: 687f242bbd8d0599cec79a5b | Action: Login attempt (password valid) | IP: ::1
[2025-07-23T09:45:59.707Z] User: 687f242bbd8d0599cec79a5b | Action: Login attempt (password valid) | IP: ::1
[2025-07-23T09:54:54.839Z] User: 687f242bbd8d0599cec79a5b | Action: Login attempt (password valid) | IP: ::1
[2025-07-23T09:55:42.971Z] User: 687f242bbd8d0599cec79a5b | Action: Login attempt (password valid) | IP: ::1
[2025-07-23T10:03:13.600Z] User: 687f242bbd8d0599cec79a5b | Action: Login successful | IP: ::1
[2025-07-23T11:29:19.645Z] User: 687f242bbd8d0599cec79a5b | Action: Login successful | IP: ::1
[2025-07-23T11:36:07.227Z] User: 687f242bbd8d0599cec79a5b | Action: Login successful | IP: ::1
[2025-07-23T12:31:17.957Z] User: 687f242bbd8d0599cec79a5b | Action: Login successful | IP: ::1
[2025-07-23T12:44:57.855Z] User: 687f242bbd8d0599cec79a5b | Action: Login successful | IP: ::1
[2025-07-23T13:10:53.147Z] User: 6880df5de1addc7ff2bb63a9 | Action: Registered | IP: ::1
[2025-07-23T13:12:28.945Z] User: 6880dfbce1addc7ff2bb63ac | Action: Registered | IP: ::1
[2025-07-23T13:15:15.896Z] User: 6880e063e1addc7ff2bb63af | Action: Registered | IP: ::1
[2025-07-23T13:31:08.824Z] User: 6880e419e716f07b4e3e7e28 | Action: Registered and OTP sent | IP: ::1
[2025-07-23T13:31:20.056Z] User: 6880e419e716f07b4e3e7e28 | Action: OTP verified & JWT issued | IP: ::1
[2025-07-23T13:32:55.430Z] User: 6880e419e716f07b4e3e7e28 | Action: Login successful | IP: ::1
[2025-07-23T13:33:08.311Z] User: 6880e419e716f07b4e3e7e28 | Action: Invalid OTP attempt | IP: ::1
[2025-07-23T13:33:16.953Z] User: 6880e419e716f07b4e3e7e28 | Action: Login successful | IP: ::1
[2025-07-23T13:36:43.144Z] User: 6880e419e716f07b4e3e7e28 | Action: Invalid OTP attempt | IP: ::1
[2025-07-23T13:36:53.698Z] User: 6880e419e716f07b4e3e7e28 | Action: Login successful | IP: ::1
[2025-07-23T13:55:37.628Z] User: 6880e9d6c700f8391921fcea | Action: Registered and OTP sent | IP: ::1
[2025-07-23T13:55:54.410Z] User: 6880e9d6c700f8391921fcea | Action: OTP verified & JWT issued | IP: ::1
[2025-07-23T13:56:02.116Z] User: 6880e9d6c700f8391921fcea | Action: Login successful | IP: ::1
[2025-07-23T14:52:18.461Z] User: 687f26e0bd8d0599cec79a6e | Action: Login successful | IP: ::1
[2025-07-23T15:26:49.839Z] User: 6880e9d6c700f8391921fcea | Action: Login successful | IP: ::1
[2025-07-23T15:26:59.468Z] User: 687f26e0bd8d0599cec79a6e | Action: Login successful | IP: ::1
[2025-07-23T15:27:32.984Z] User: 6880ff61685d7d9f779501d7 | Action: Registered and OTP sent | IP: ::1
[2025-07-23T15:27:49.764Z] User: 6880ff61685d7d9f779501d7 | Action: OTP verified & JWT issued | IP: ::1
[2025-07-23T15:27:56.706Z] User: 6880ff61685d7d9f779501d7 | Action: Login successful | IP: ::1
[2025-07-23T15:39:52.697Z] User: 6880e9d6c700f8391921fcea | Action: Login successful | IP: ::1
[2025-07-23T16:12:01.379Z] User: 687f26e0bd8d0599cec79a6e | Action: Login successful | IP: ::1
[2025-07-23T17:14:08.915Z] User: 6880e9d6c700f8391921fcea | Action: Login successful | IP: ::1
[2025-07-23T17:14:28.298Z] User: 687f26e0bd8d0599cec79a6e | Action: Login successful | IP: ::1
[2025-07-23T17:15:04.930Z] User: 6880ff61685d7d9f779501d7 | Action: Login successful | IP: ::1
[2025-07-23T17:42:04.864Z] User: 687f26e0bd8d0599cec79a6e | Action: Login successful | IP: ::1
[2025-07-23T17:49:07.046Z] User: 6881208fb301aa00d4503517 | Action: Registered and OTP sent | IP: ::1
[2025-07-23T17:49:19.423Z] User: 6881208fb301aa00d4503517 | Action: OTP verified & JWT issued | IP: ::1
[2025-07-23T17:49:35.126Z] User: 6881208fb301aa00d4503517 | Action: Login successful | IP: ::1
[2025-07-24T02:52:44.417Z] User: 6880ff61685d7d9f779501d7 | Action: Login successful | IP: ::1
[2025-07-24T02:53:09.187Z] User: 687f26e0bd8d0599cec79a6e | Action: Login successful | IP: ::1
[2025-07-24T02:54:53.768Z] User: 6881208fb301aa00d4503517 | Action: Login successful | IP: ::1
[2025-07-24T03:33:26.902Z] User: 6881a9830672f53e511c83f7 | Action: Registered and OTP sent | IP: ::1
[2025-07-24T03:33:49.638Z] User: 6881a9830672f53e511c83f7 | Action: OTP verified & JWT issued | IP: ::1
[2025-07-24T03:33:56.873Z] User: 6881a9830672f53e511c83f7 | Action: Login successful | IP: ::1
[2025-07-24T03:35:56.938Z] User: 6881a9830672f53e511c83f7 | Action: Login successful | IP: ::1
[2025-07-24T03:39:17.401Z] User: 6881aae2cfe38f4da14ba976 | Action: Registered and OTP sent | IP: ::1
[2025-07-24T03:39:36.840Z] User: 6881aae2cfe38f4da14ba976 | Action: OTP verified & JWT issued | IP: ::1
[2025-07-24T03:39:44.069Z] User: 6881aae2cfe38f4da14ba976 | Action: Login successful | IP: ::1
